<?xml version="1.0" encoding="UTF-8"?>
<!-- Generated by org.testng.reporters.JUnitReportReporter -->
<testsuite hostname="DESKTOP-T0QVG84" failures="0" tests="6" name="com.ranjeet.testLib.Home2" time="0.003" errors="0" timestamp="2022-10-30T01:03:34 IST" skipped="0">
  <testcase classname="com.ranjeet.testLib.Home2" name="test1" time="0.001"/>
  <system-out/>
  <testcase classname="com.ranjeet.testLib.Home2" name="test2" time="0.001"/>
  <system-out/>
  <testcase classname="com.ranjeet.testLib.Home2" name="test5" time="0.000"/>
  <system-out/>
  <testcase classname="com.ranjeet.testLib.Home2" name="test4" time="0.000"/>
  <system-out/>
  <testcase classname="com.ranjeet.testLib.Home2" name="test6" time="0.000"/>
  <system-out/>
  <testcase classname="com.ranjeet.testLib.Home2" name="test3" time="0.001"/>
  <system-out/>
</testsuite> <!-- com.ranjeet.testLib.Home2 -->
