<?xml version="1.0" encoding="UTF-8"?>
<!-- Generated by org.testng.reporters.JUnitReportReporter -->
<testsuite hostname="DESKTOP-T0QVG84" failures="0" tests="4" name="Kaplan.Demo" time="0.009" errors="0" timestamp="2023-08-13T05:13:21 IST" skipped="0">
  <testcase classname="Kaplan.Demo" name="test1" time="0.003"/>
  <system-out/>
  <testcase classname="Kaplan.Demo" name="test2" time="0.002"/>
  <system-out/>
  <testcase classname="Kaplan.Demo" name="test4" time="0.003"/>
  <system-out/>
  <testcase classname="Kaplan.Demo" name="test3" time="0.001"/>
  <system-out/>
</testsuite> <!-- Kaplan.Demo -->
